ola amigo
ha abelhas no copo
tenho muitos amigos no trabalho
adoro senhores e senhoras
eu trabalho com meus amigos
sou feliz com o que faco
adoro todos e todas
tenho tudo o que eu quero
fico feliz com coisas felizes
todos os meus amigos trabalham
estou desempregrado por enquanto
adoro meus pais
tenho orgulho do meu pais
meu computador é só meu
meus filhos são os melhores alunos
meus amigos
meus animais são muito felizes
meus gatos são filhotes
meus caes são filhotes
adoro todos os animais
tenho dez filhos
passaros e abelhas
não gosto de captchas
python é uma linguagem de programação
programar é legal
que dia é hoje?
captchas são um tédio